Script started on Sat 11 Sep 2021 11:19:26 PM PDT
]0;mekae002@empress:~/CS311Progs-Corrected/HWPrograms/forHW1/HW1P1_stack[?1034h[mekae002@empress HW1P1_stack]$ g+exg++ stack.cpp stacktest.cp[1P.cp[1P.cp[1P.cp[1P.cp[1P.cp[1P.cp[1P.cp[1P.cp[1P.cc.cl.ce.cp[1P.ci.ce.cn.ct.c1.c
[01m[Kstack.cpp:[m[K In constructor â€˜[01m[Kstack::stack()[m[Kâ€™:
[01m[Kstack.cpp:25:15:[m[K [01;31m[Kerror: [m[Kno matching function for call to â€˜[01m[Kstack::~stack()[m[Kâ€™
 stack::~stack()
[01;32m[K               ^[m[K
[01m[Kstack.cpp:25:15:[m[K [01;36m[Knote: [m[Kcandidate is:
In file included from [01m[Kstack.cpp:18:0[m[K:
[01m[Kstack.h:44:3:[m[K [01;36m[Knote: [m[Kstack::~stack()
   ~stack();  // destructor  to destroy an object
[01;32m[K   ^[m[K
[01m[Kstack.h:44:3:[m[K [01;36m[Knote: [m[K  candidate expects 1 argument, 0 provided
[01m[Kstack.cpp:26:1:[m[K [01;31m[Kerror: [m[Kexpected â€˜[01m[K;[m[Kâ€™ before â€˜[01m[K{[m[Kâ€™ token
 { // nothing 
[01;32m[K ^[m[K
[01m[Kstack.cpp:31:1:[m[K [01;31m[Kerror: [m[Ka function-definition is not allowed here before â€˜[01m[K{[m[Kâ€™ token
 { if ( top == -1) return true; else return false; )
[01;32m[K ^[m[K
[01m[Kstack.cpp:78:1:[m[K [01;31m[Kerror: [m[Kexpected â€˜[01m[K}[m[Kâ€™ at end of input
 }
[01;32m[K ^[m[K
[01m[Kclient1.cpp:[m[K In function â€˜[01m[Kint main()[m[Kâ€™:
[01m[Kclient1.cpp:51:21:[m[K [01;31m[Kerror: [m[Kâ€˜[01m[Kresult[m[Kâ€™ was not declared in this scope
                     result = box2 + box1;
[01;32m[K                     ^[m[K
[01m[Kclient1.cpp:53:21:[m[K [01;31m[Kerror: [m[Kâ€˜[01m[Kresult[m[Kâ€™ was not declared in this scope
                     result = box2 - box1;
[01;32m[K                     ^[m[K
[01m[Kclient1.cpp:55:21:[m[K [01;31m[Kerror: [m[Kâ€˜[01m[Kresult[m[Kâ€™ was not declared in this scope
                     result = box2 * box1;
[01;32m[K                     ^[m[K
[01m[Kclient1.cpp:58:35:[m[K [01;31m[Kerror: [m[Kâ€˜[01m[Kresult[m[Kâ€™ was not declared in this scope
                 postfixstack.push(result);
[01;32m[K                                   ^[m[K
[01m[Kclient1.cpp:76:3:[m[K [01;31m[Kerror: [m[Kno match for â€˜[01m[Koperator*[m[Kâ€™ (operand type is â€˜[01m[Kstd::ostream {aka std::basic_ostream<char>}[m[Kâ€™)
  {*cout << errormsg << endl;
[01;32m[K   ^[m[K
[01m[Kclient1.cpp:81:5:[m[K [01;31m[Kerror: [m[Kexpected â€˜[01m[K;[m[Kâ€™ before â€˜[01m[K}[m[Kâ€™ token
     }// end of while
[01;32m[K     ^[m[K
[01m[Kclient1.cpp:85:21:[m[K [01;31m[Kerror: [m[Kâ€˜[01m[Kresult[m[Kâ€™ was not declared in this scope
    postfixstack.pop(result);
[01;32m[K                     ^[m[K
]0;mekae002@empress:~/CS311Progs-Corrected/HWPrograms/forHW1/HW1P1_stack[mekae002@empress HW1P1_stack]$ exit
exit

Script done on Sat 11 Sep 2021 11:19:58 PM PDT
